2024-06-22T13:57:01.536+09:00  INFO 37782 --- [inventory] [restartedMain] diy.inventory.InventoryApplication       : Starting InventoryApplication using Java 17.0.7 with PID 37782 (/Users/hyojuntak/dev/git/2024diyk8s/back-inventory/inventory/build/classes/java/main started by hyojuntak in /Users/hyojuntak/dev/git/2024diyk8s/back-inventory/inventory)
2024-06-22T13:57:01.538+09:00  INFO 37782 --- [inventory] [restartedMain] diy.inventory.InventoryApplication       : No active profile set, falling back to 1 default profile: "default"
2024-06-22T13:57:01.567+09:00  INFO 37782 --- [inventory] [restartedMain] .e.DevToolsPropertyDefaultsPostProcessor : Devtools property defaults active! Set 'spring.devtools.add-properties' to 'false' to disable
2024-06-22T13:57:01.567+09:00  INFO 37782 --- [inventory] [restartedMain] .e.DevToolsPropertyDefaultsPostProcessor : For additional web related logging consider setting the 'logging.level.web' property to 'DEBUG'
2024-06-22T13:57:02.262+09:00  INFO 37782 --- [inventory] [restartedMain] o.s.b.w.embedded.tomcat.TomcatWebServer  : Tomcat initialized with port 8080 (http)
2024-06-22T13:57:02.268+09:00  INFO 37782 --- [inventory] [restartedMain] o.apache.catalina.core.StandardService   : Starting service [Tomcat]
2024-06-22T13:57:02.269+09:00  INFO 37782 --- [inventory] [restartedMain] o.apache.catalina.core.StandardEngine    : Starting Servlet engine: [Apache Tomcat/10.1.25]
2024-06-22T13:57:02.293+09:00  INFO 37782 --- [inventory] [restartedMain] o.a.c.c.C.[Tomcat].[localhost].[/]       : Initializing Spring embedded WebApplicationContext
2024-06-22T13:57:02.293+09:00  INFO 37782 --- [inventory] [restartedMain] w.s.c.ServletWebServerApplicationContext : Root WebApplicationContext: initialization completed in 726 ms
2024-06-22T13:57:02.820+09:00  WARN 37782 --- [inventory] [restartedMain] o.s.b.d.a.OptionalLiveReloadServer       : Unable to start LiveReload server
2024-06-22T13:57:02.823+09:00  INFO 37782 --- [inventory] [restartedMain] o.s.b.a.e.web.EndpointLinksResolver      : Exposing 1 endpoint beneath base path '/actuator'
2024-06-22T13:57:02.850+09:00  WARN 37782 --- [inventory] [restartedMain] ConfigServletWebServerApplicationContext : Exception encountered during context initialization - cancelling refresh attempt: org.springframework.context.ApplicationContextException: Failed to start bean 'webServerStartStop'
2024-06-22T13:57:02.867+09:00  INFO 37782 --- [inventory] [restartedMain] .s.b.a.l.ConditionEvaluationReportLogger : 

Error starting ApplicationContext. To display the condition evaluation report re-run your application with 'debug' enabled.
2024-06-22T13:57:02.877+09:00 ERROR 37782 --- [inventory] [restartedMain] o.s.b.d.LoggingFailureAnalysisReporter   : 

***************************
APPLICATION FAILED TO START
***************************

Description:

Web server failed to start. Port 8080 was already in use.

Action:

Identify and stop the process that's listening on port 8080 or configure this application to listen on another port.

2024-06-22T13:57:19.237+09:00  INFO 37877 --- [inventory] [restartedMain] diy.inventory.InventoryApplication       : Starting InventoryApplication using Java 17.0.7 with PID 37877 (/Users/hyojuntak/dev/git/2024diyk8s/back-inventory/inventory/build/classes/java/main started by hyojuntak in /Users/hyojuntak/dev/git/2024diyk8s/back-inventory/inventory)
2024-06-22T13:57:19.239+09:00  INFO 37877 --- [inventory] [restartedMain] diy.inventory.InventoryApplication       : No active profile set, falling back to 1 default profile: "default"
2024-06-22T13:57:19.260+09:00  INFO 37877 --- [inventory] [restartedMain] .e.DevToolsPropertyDefaultsPostProcessor : Devtools property defaults active! Set 'spring.devtools.add-properties' to 'false' to disable
2024-06-22T13:57:19.260+09:00  INFO 37877 --- [inventory] [restartedMain] .e.DevToolsPropertyDefaultsPostProcessor : For additional web related logging consider setting the 'logging.level.web' property to 'DEBUG'
2024-06-22T13:57:19.926+09:00  INFO 37877 --- [inventory] [restartedMain] o.s.b.w.embedded.tomcat.TomcatWebServer  : Tomcat initialized with port 9090 (http)
2024-06-22T13:57:19.933+09:00  INFO 37877 --- [inventory] [restartedMain] o.apache.catalina.core.StandardService   : Starting service [Tomcat]
2024-06-22T13:57:19.933+09:00  INFO 37877 --- [inventory] [restartedMain] o.apache.catalina.core.StandardEngine    : Starting Servlet engine: [Apache Tomcat/10.1.25]
2024-06-22T13:57:19.959+09:00  INFO 37877 --- [inventory] [restartedMain] o.a.c.c.C.[Tomcat].[localhost].[/]       : Initializing Spring embedded WebApplicationContext
2024-06-22T13:57:19.959+09:00  INFO 37877 --- [inventory] [restartedMain] w.s.c.ServletWebServerApplicationContext : Root WebApplicationContext: initialization completed in 699 ms
2024-06-22T13:57:20.508+09:00  WARN 37877 --- [inventory] [restartedMain] o.s.b.d.a.OptionalLiveReloadServer       : Unable to start LiveReload server
2024-06-22T13:57:20.511+09:00  INFO 37877 --- [inventory] [restartedMain] o.s.b.a.e.web.EndpointLinksResolver      : Exposing 1 endpoint beneath base path '/actuator'
2024-06-22T13:57:20.547+09:00  INFO 37877 --- [inventory] [restartedMain] o.s.b.w.embedded.tomcat.TomcatWebServer  : Tomcat started on port 9090 (http) with context path '/'
2024-06-22T13:57:20.561+09:00  INFO 37877 --- [inventory] [restartedMain] diy.inventory.InventoryApplication       : Started InventoryApplication in 1.542 seconds (process running for 1.881)
2024-06-22T13:57:20.986+09:00  INFO 37877 --- [inventory] [RMI TCP Connection(3)-127.0.0.1] o.a.c.c.C.[Tomcat].[localhost].[/]       : Initializing Spring DispatcherServlet 'dispatcherServlet'
2024-06-22T13:57:20.986+09:00  INFO 37877 --- [inventory] [RMI TCP Connection(3)-127.0.0.1] o.s.web.servlet.DispatcherServlet        : Initializing Servlet 'dispatcherServlet'
2024-06-22T13:57:20.987+09:00  INFO 37877 --- [inventory] [RMI TCP Connection(3)-127.0.0.1] o.s.web.servlet.DispatcherServlet        : Completed initialization in 1 ms
